<?xml version="1.0" encoding="UTF-8"?>
<!-- Generated by org.testng.reporters.JUnitReportReporter -->
<testsuite skipped="0" hostname="DESKTOP-0M1MH5T" name="com.qa.restassured.testcases.GetUsersTest" tests="1" failures="0" timestamp="2022-01-16T06:55:48 IST" time="4.628" errors="0">
  <testcase name="getAllUsersTest" time="4.628" classname="com.qa.restassured.testcases.GetUsersTest"/>
  <system-out/>
</testsuite> <!-- com.qa.restassured.testcases.GetUsersTest -->
