<?xml version="1.0" encoding="UTF-8"?>
<!-- Generated by org.testng.reporters.JUnitReportReporter -->
<testsuite skipped="0" hostname="DESKTOP-0M1MH5T" name="com.qa.restassured.testcases.CreateUserTest" tests="2" failures="0" timestamp="2022-01-16T07:44:55 IST" time="2.215" errors="0">
  <testcase name="createUser400BadReqestTest" time="1.081" classname="com.qa.restassured.testcases.CreateUserTest"/>
  <system-out/>
  <testcase name="createUsersTest" time="1.134" classname="com.qa.restassured.testcases.CreateUserTest"/>
  <system-out/>
</testsuite> <!-- com.qa.restassured.testcases.CreateUserTest -->
