<?xml version="1.0" encoding="UTF-8"?>
<!-- Generated by org.testng.reporters.JUnitReportReporter -->
<testsuite skipped="0" hostname="DESKTOP-0M1MH5T" name="com.qa.restassured.testcases.UpdateUserTest" tests="2" failures="0" timestamp="2022-01-16T07:44:55 IST" time="2.225" errors="0">
  <testcase name="updateUserTest" time="1.073" classname="com.qa.restassured.testcases.UpdateUserTest"/>
  <system-out/>
  <testcase name="updateUserWithPatchTest" time="1.152" classname="com.qa.restassured.testcases.UpdateUserTest"/>
  <system-out/>
</testsuite> <!-- com.qa.restassured.testcases.UpdateUserTest -->
