<?xml version="1.0" encoding="UTF-8"?>
<!-- Generated by org.testng.reporters.JUnitReportReporter -->
<testsuite skipped="0" hostname="DESKTOP-0M1MH5T" name="com.qa.restassured.testcases.DeleteUserTest" tests="1" failures="0" timestamp="2022-01-16T07:44:55 IST" time="1.067" errors="0">
  <testcase name="deleteUserTest" time="1.067" classname="com.qa.restassured.testcases.DeleteUserTest"/>
  <system-out/>
</testsuite> <!-- com.qa.restassured.testcases.DeleteUserTest -->
