<?xml version="1.0" encoding="UTF-8"?>
<!-- Generated by org.testng.reporters.JUnitReportReporter -->
<testsuite skipped="0" hostname="DESKTOP-0M1MH5T" name="com.qa.restassured.testcases.GetUsersTest" tests="3" failures="0" timestamp="2022-01-16T07:44:55 IST" time="6.661" errors="0">
  <testcase name="getSingleUserNotFoundTest" time="1.086" classname="com.qa.restassured.testcases.GetUsersTest"/>
  <system-out/>
  <testcase name="getAllUsersTest" time="4.571" classname="com.qa.restassured.testcases.GetUsersTest"/>
  <system-out/>
  <testcase name="getSingleUserTest" time="1.004" classname="com.qa.restassured.testcases.GetUsersTest"/>
  <system-out/>
</testsuite> <!-- com.qa.restassured.testcases.GetUsersTest -->
